app/build/intermediates/manifest_merge_blame_file/debug/manifest-merger-blame-debug-report.txt
1<?xml version="1.0" encoding="utf-8"?>
2<manifest xmlns:android="http://schemas.android.com/apk/res/android"
3    package="com.alphacoms.catatin"
4    android:versionCode="1"
5    android:versionName="1.0" >
6
7    <uses-sdk
8        android:minSdkVersion="24"
9        android:targetSdkVersion="33" />
10
11    <!-- Permissions -->
12    <uses-permission android:name="android.permission.RECORD_AUDIO" />
12-->src\main\AndroidManifest.xml:6:5-71
12-->src\main\AndroidManifest.xml:6:22-68
13    <uses-permission android:name="android.permission.INTERNET" />
13-->src\main\AndroidManifest.xml:7:5-67
13-->src\main\AndroidManifest.xml:7:22-64
14    <uses-permission android:name="android.permission.ACCESS_NETWORK_STATE" />
14-->src\main\AndroidManifest.xml:8:5-79
14-->src\main\AndroidManifest.xml:8:22-76
15
16    <!-- Storage permissions (compatibility for different Android versions) -->
17    <uses-permission
17-->src\main\AndroidManifest.xml:11:5-12:38
18        android:name="android.permission.READ_EXTERNAL_STORAGE"
18-->src\main\AndroidManifest.xml:11:22-77
19        android:maxSdkVersion="32" />
19-->src\main\AndroidManifest.xml:12:9-35
20    <uses-permission
20-->src\main\AndroidManifest.xml:13:5-14:38
21        android:name="android.permission.WRITE_EXTERNAL_STORAGE"
21-->src\main\AndroidManifest.xml:13:22-78
22        android:maxSdkVersion="29" />
22-->src\main\AndroidManifest.xml:14:9-35
23
24    <!-- Android 13+ permissions -->
25    <uses-permission android:name="android.permission.READ_MEDIA_AUDIO" />
25-->src\main\AndroidManifest.xml:17:5-75
25-->src\main\AndroidManifest.xml:17:22-72
26
27    <!-- Speech Recognition feature -->
28    <uses-feature
28-->src\main\AndroidManifest.xml:20:5-22:35
29        android:name="android.hardware.microphone"
29-->src\main\AndroidManifest.xml:21:9-51
30        android:required="true" />
30-->src\main\AndroidManifest.xml:22:9-32
31
32    <permission
32-->[androidx.core:core:1.12.0] AndroidManifest.xml:22:5-24:47
33        android:name="com.alphacoms.catatin.DYNAMIC_RECEIVER_NOT_EXPORTED_PERMISSION"
33-->[androidx.core:core:1.12.0] AndroidManifest.xml:23:9-81
34        android:protectionLevel="signature" />
34-->[androidx.core:core:1.12.0] AndroidManifest.xml:24:9-44
35
36    <uses-permission android:name="com.alphacoms.catatin.DYNAMIC_RECEIVER_NOT_EXPORTED_PERMISSION" />
36-->[androidx.core:core:1.12.0] AndroidManifest.xml:26:5-97
36-->[androidx.core:core:1.12.0] AndroidManifest.xml:26:22-94
37
38    <application
38-->src\main\AndroidManifest.xml:24:5-71:19
39        android:allowBackup="true"
39-->src\main\AndroidManifest.xml:25:9-35
40        android:appComponentFactory="androidx.core.app.CoreComponentFactory"
40-->[androidx.core:core:1.12.0] AndroidManifest.xml:28:18-86
41        android:dataExtractionRules="@xml/data_extraction_rules"
41-->src\main\AndroidManifest.xml:26:9-65
42        android:debuggable="true"
43        android:extractNativeLibs="false"
44        android:fullBackupContent="@xml/backup_rules"
44-->src\main\AndroidManifest.xml:27:9-54
45        android:icon="@mipmap/ic_launcher"
45-->src\main\AndroidManifest.xml:28:9-43
46        android:label="@string/app_name"
46-->src\main\AndroidManifest.xml:29:9-41
47        android:roundIcon="@mipmap/ic_launcher_round"
47-->src\main\AndroidManifest.xml:30:9-54
48        android:supportsRtl="true"
48-->src\main\AndroidManifest.xml:31:9-35
49        android:testOnly="true"
50        android:theme="@style/Theme.CatatIn"
50-->src\main\AndroidManifest.xml:32:9-45
51        android:usesCleartextTraffic="false" >
51-->src\main\AndroidManifest.xml:33:9-45
52
53        <!-- Main Activity -->
54        <activity
54-->src\main\AndroidManifest.xml:37:9-45:20
55            android:name="com.alphacoms.catatin.MainActivity"
55-->src\main\AndroidManifest.xml:38:13-41
56            android:exported="true"
56-->src\main\AndroidManifest.xml:39:13-36
57            android:theme="@style/Theme.CatatIn" >
57-->src\main\AndroidManifest.xml:40:13-49
58            <intent-filter>
58-->src\main\AndroidManifest.xml:41:13-44:29
59                <action android:name="android.intent.action.MAIN" />
59-->src\main\AndroidManifest.xml:42:17-69
59-->src\main\AndroidManifest.xml:42:25-66
60
61                <category android:name="android.intent.category.LAUNCHER" />
61-->src\main\AndroidManifest.xml:43:17-77
61-->src\main\AndroidManifest.xml:43:27-74
62            </intent-filter>
63        </activity>
64
65        <!-- Voice Note Activity -->
66        <activity
66-->src\main\AndroidManifest.xml:48:9-51:58
67            android:name="com.alphacoms.catatin.ui.VoiceNoteActivity"
67-->src\main\AndroidManifest.xml:49:13-49
68            android:exported="false"
68-->src\main\AndroidManifest.xml:50:13-37
69            android:parentActivityName="com.alphacoms.catatin.MainActivity" />
69-->src\main\AndroidManifest.xml:51:13-55
70
71        <!-- Notes Activity -->
72        <activity
72-->src\main\AndroidManifest.xml:54:9-57:58
73            android:name="com.alphacoms.catatin.ui.NotesActivity"
73-->src\main\AndroidManifest.xml:55:13-45
74            android:exported="false"
74-->src\main\AndroidManifest.xml:56:13-37
75            android:parentActivityName="com.alphacoms.catatin.MainActivity" />
75-->src\main\AndroidManifest.xml:57:13-55
76
77        <!-- Todo List Activity -->
78        <activity
78-->src\main\AndroidManifest.xml:60:9-63:58
79            android:name="com.alphacoms.catatin.ui.ToDoListActivity"
79-->src\main\AndroidManifest.xml:61:13-48
80            android:exported="false"
80-->src\main\AndroidManifest.xml:62:13-37
81            android:parentActivityName="com.alphacoms.catatin.MainActivity" />
81-->src\main\AndroidManifest.xml:63:13-55
82
83        <!-- Finance Activity -->
84        <activity
84-->src\main\AndroidManifest.xml:66:9-69:58
85            android:name="com.alphacoms.catatin.ui.FinanceActivity"
85-->src\main\AndroidManifest.xml:67:13-47
86            android:exported="false"
86-->src\main\AndroidManifest.xml:68:13-37
87            android:parentActivityName="com.alphacoms.catatin.MainActivity" />
87-->src\main\AndroidManifest.xml:69:13-55
88
89        <service
89-->[androidx.room:room-runtime:2.6.0] AndroidManifest.xml:24:9-28:63
90            android:name="androidx.room.MultiInstanceInvalidationService"
90-->[androidx.room:room-runtime:2.6.0] AndroidManifest.xml:25:13-74
91            android:directBootAware="true"
91-->[androidx.room:room-runtime:2.6.0] AndroidManifest.xml:26:13-43
92            android:exported="false" />
92-->[androidx.room:room-runtime:2.6.0] AndroidManifest.xml:27:13-37
93
94        <provider
94-->[androidx.emoji2:emoji2:1.2.0] AndroidManifest.xml:24:9-32:20
95            android:name="androidx.startup.InitializationProvider"
95-->[androidx.emoji2:emoji2:1.2.0] AndroidManifest.xml:25:13-67
96            android:authorities="com.alphacoms.catatin.androidx-startup"
96-->[androidx.emoji2:emoji2:1.2.0] AndroidManifest.xml:26:13-68
97            android:exported="false" >
97-->[androidx.emoji2:emoji2:1.2.0] AndroidManifest.xml:27:13-37
98            <meta-data
98-->[androidx.emoji2:emoji2:1.2.0] AndroidManifest.xml:29:13-31:52
99                android:name="androidx.emoji2.text.EmojiCompatInitializer"
99-->[androidx.emoji2:emoji2:1.2.0] AndroidManifest.xml:30:17-75
100                android:value="androidx.startup" />
100-->[androidx.emoji2:emoji2:1.2.0] AndroidManifest.xml:31:17-49
101            <meta-data
101-->[androidx.lifecycle:lifecycle-process:2.7.0] AndroidManifest.xml:29:13-31:52
102                android:name="androidx.lifecycle.ProcessLifecycleInitializer"
102-->[androidx.lifecycle:lifecycle-process:2.7.0] AndroidManifest.xml:30:17-78
103                android:value="androidx.startup" />
103-->[androidx.lifecycle:lifecycle-process:2.7.0] AndroidManifest.xml:31:17-49
104            <meta-data
104-->[androidx.profileinstaller:profileinstaller:1.3.0] AndroidManifest.xml:29:13-31:52
105                android:name="androidx.profileinstaller.ProfileInstallerInitializer"
105-->[androidx.profileinstaller:profileinstaller:1.3.0] AndroidManifest.xml:30:17-85
106                android:value="androidx.startup" />
106-->[androidx.profileinstaller:profileinstaller:1.3.0] AndroidManifest.xml:31:17-49
107        </provider>
108
109        <receiver
109-->[androidx.profileinstaller:profileinstaller:1.3.0] AndroidManifest.xml:34:9-52:20
110            android:name="androidx.profileinstaller.ProfileInstallReceiver"
110-->[androidx.profileinstaller:profileinstaller:1.3.0] AndroidManifest.xml:35:13-76
111            android:directBootAware="false"
111-->[androidx.profileinstaller:profileinstaller:1.3.0] AndroidManifest.xml:36:13-44
112            android:enabled="true"
112-->[androidx.profileinstaller:profileinstaller:1.3.0] AndroidManifest.xml:37:13-35
113            android:exported="true"
113-->[androidx.profileinstaller:profileinstaller:1.3.0] AndroidManifest.xml:38:13-36
114            android:permission="android.permission.DUMP" >
114-->[androidx.profileinstaller:profileinstaller:1.3.0] AndroidManifest.xml:39:13-57
115            <intent-filter>
115-->[androidx.profileinstaller:profileinstaller:1.3.0] AndroidManifest.xml:40:13-42:29
116                <action android:name="androidx.profileinstaller.action.INSTALL_PROFILE" />
116-->[androidx.profileinstaller:profileinstaller:1.3.0] AndroidManifest.xml:41:17-91
116-->[androidx.profileinstaller:profileinstaller:1.3.0] AndroidManifest.xml:41:25-88
117            </intent-filter>
118            <intent-filter>
118-->[androidx.profileinstaller:profileinstaller:1.3.0] AndroidManifest.xml:43:13-45:29
119                <action android:name="androidx.profileinstaller.action.SKIP_FILE" />
119-->[androidx.profileinstaller:profileinstaller:1.3.0] AndroidManifest.xml:44:17-85
119-->[androidx.profileinstaller:profileinstaller:1.3.0] AndroidManifest.xml:44:25-82
120            </intent-filter>
121            <intent-filter>
121-->[androidx.profileinstaller:profileinstaller:1.3.0] AndroidManifest.xml:46:13-48:29
122                <action android:name="androidx.profileinstaller.action.SAVE_PROFILE" />
122-->[androidx.profileinstaller:profileinstaller:1.3.0] AndroidManifest.xml:47:17-88
122-->[androidx.profileinstaller:profileinstaller:1.3.0] AndroidManifest.xml:47:25-85
123            </intent-filter>
124            <intent-filter>
124-->[androidx.profileinstaller:profileinstaller:1.3.0] AndroidManifest.xml:49:13-51:29
125                <action android:name="androidx.profileinstaller.action.BENCHMARK_OPERATION" />
125-->[androidx.profileinstaller:profileinstaller:1.3.0] AndroidManifest.xml:50:17-95
125-->[androidx.profileinstaller:profileinstaller:1.3.0] AndroidManifest.xml:50:25-92
126            </intent-filter>
127        </receiver>
128    </application>
129
130</manifest>